<?xml version="1.0" encoding="UTF-8"?>
<testng-results skipped="0" failed="0" ignored="0" total="2" passed="2">
  <reporter-output>
  </reporter-output>
  <suite name="Suite" duration-ms="13824" started-at="2020-07-14T07:27:23Z" finished-at="2020-07-14T07:27:37Z">
    <groups>
    </groups>
    <test name="Test" duration-ms="13824" started-at="2020-07-14T07:27:23Z" finished-at="2020-07-14T07:27:37Z">
      <class name="com.learnautomation.testcases.LoginTestCRM">
        <test-method status="PASS" signature="setUpSuites()[pri:0, instance:com.learnautomation.testcases.LoginTestCRM@2b98378d]" name="setUpSuites" is-config="true" duration-ms="801" started-at="2020-07-14T12:57:22Z" finished-at="2020-07-14T12:57:23Z">
          <reporter-output>
          </reporter-output>
        </test-method> <!-- setUpSuites -->
        <test-method status="PASS" signature="setUp()[pri:0, instance:com.learnautomation.testcases.LoginTestCRM@2b98378d]" name="setUp" is-config="true" duration-ms="10349" started-at="2020-07-14T12:57:23Z" finished-at="2020-07-14T12:57:33Z">
          <reporter-output>
          </reporter-output>
        </test-method> <!-- setUp -->
        <test-method status="PASS" signature="loginApp()[pri:1, instance:com.learnautomation.testcases.LoginTestCRM@2b98378d]" name="loginApp" duration-ms="1238" started-at="2020-07-14T12:57:33Z" finished-at="2020-07-14T12:57:34Z">
          <reporter-output>
          </reporter-output>
        </test-method> <!-- loginApp -->
        <test-method status="PASS" signature="teardownMethod(org.testng.ITestResult)[pri:0, instance:com.learnautomation.testcases.LoginTestCRM@2b98378d]" name="teardownMethod" is-config="true" duration-ms="900" started-at="2020-07-14T12:57:34Z" finished-at="2020-07-14T12:57:35Z">
          <params>
            <param index="0">
              <value>
                <![CDATA[[TestResult name=loginApp status=SUCCESS method=LoginTestCRM.loginApp()[pri:1, instance:com.learnautomation.testcases.LoginTestCRM@2b98378d] output={null}]]]>
              </value>
            </param>
          </params>
          <reporter-output>
          </reporter-output>
        </test-method> <!-- teardownMethod -->
        <test-method status="PASS" signature="loginApp1()[pri:2, instance:com.learnautomation.testcases.LoginTestCRM@2b98378d]" name="loginApp1" duration-ms="0" started-at="2020-07-14T12:57:35Z" finished-at="2020-07-14T12:57:35Z">
          <reporter-output>
          </reporter-output>
        </test-method> <!-- loginApp1 -->
        <test-method status="PASS" signature="teardownMethod(org.testng.ITestResult)[pri:0, instance:com.learnautomation.testcases.LoginTestCRM@2b98378d]" name="teardownMethod" is-config="true" duration-ms="416" started-at="2020-07-14T12:57:35Z" finished-at="2020-07-14T12:57:36Z">
          <params>
            <param index="0">
              <value>
                <![CDATA[[TestResult name=loginApp1 status=SUCCESS method=LoginTestCRM.loginApp1()[pri:2, instance:com.learnautomation.testcases.LoginTestCRM@2b98378d] output={null}]]]>
              </value>
            </param>
          </params>
          <reporter-output>
          </reporter-output>
        </test-method> <!-- teardownMethod -->
        <test-method status="PASS" signature="tearDown()[pri:0, instance:com.learnautomation.testcases.LoginTestCRM@2b98378d]" name="tearDown" is-config="true" duration-ms="843" started-at="2020-07-14T12:57:36Z" finished-at="2020-07-14T12:57:37Z">
          <reporter-output>
          </reporter-output>
        </test-method> <!-- tearDown -->
      </class> <!-- com.learnautomation.testcases.LoginTestCRM -->
    </test> <!-- Test -->
  </suite> <!-- Suite -->
</testng-results>
